658 6941 1 2 3 4 5 7
658 6941 1 2 3 4 5 7
658 6941 1 2 3 4 5 7
658 6941 1 2 3 4 5 7
658 6941 1 2 3 4 5 7
658 6941 1 2 3 4 5 7
658 6941 1 2 3 4 5 7
658 6941 1 2 3 4 5 7
658 6941 1 2 3 4 5 7
658 6941 1 2 3 4 5 7
658 6941 1 2 3 4 5 7
658 6941 1 2 3 4 5 7
658 6941 1 2 3 4 5 7
658 6941 1 2 3 4 5 7
658 6941 1 2 3 4 5 7
658 6941 1 2 3 4 5 7
658 6941 1 2 3 4 5 7
658 6941 1 2 3 4 5 7
658 6941 1 2 3 4 5 7
658 6941 1 2 3 4 5 7
658 6941 1 2 3 4 5 7
658 6941 1 2 3 4 5 7
658 5132 1 2 3 7 5 6
658 9180 1 2 3 4 5 10
658 8393 1 2 31 4 5 6
658 8393 1 2 31 4 5 6
658 6941 1 2 3 4 5 7
658 5132 1 2 3 7 5 6
658 9180 1 2 3 4 5 10
658 8393 1 2 31 4 5 6
658 6941 1 2 3 4 5 7
658 5132 1 2 3 7 5 6
658 9180 1 2 3 4 5 10
