658 5132 1 2 3 4 7 8
658 5132 1 2 3 4 7 8
658 5132 1 2 3 4 7 8
658 5132 1 2 3 4 7 8
658 5132 1 2 3 4 7 8
658 5132 1 2 3 4 7 8
658 5132 1 2 3 4 7 8
658 5132 1 2 3 4 7 8
658 5132 1 2 3 4 7 8
658 5132 1 2 3 4 7 8
658 5132 1 2 3 4 7 8
658 5132 1 2 3 4 7 8
658 5132 1 2 3 4 7 8
658 5132 1 2 3 4 7 8
658 5132 1 2 3 4 7 8
658 5132 1 2 3 4 7 8
658 5132 1 2 3 4 7 8
658 5132 1 2 3 4 7 8
658 5132 1 2 3 4 7 8
658 5132 1 2 3 4 7 8
658 5132 1 2 3 4 7 8
658 6561 1 2 3 20 5 11
658 6561 1 2 3 20 5 11
658 6561 1 2 3 20 5 11
