658 6902 1 2 3 4 5 6
658 6983 6 5 4 3 2 1
658 6812 1 2 3 4 5 6
658 6902 1 2 3 4 5 6
658 6983 6 5 4 3 2 1
658 6812 1 2 3 4 5 6
658 180 1 2 3 4 5 6
658 6902 1 2 3 4 5 6
658 6983 6 5 4 3 2 1
658 6812 1 2 3 4 5 6
658 180 1 2 3 4 5 6
658 6902 1 2 3 4 5 6
658 6983 6 5 4 3 2 1
658 6812 1 2 3 4 5 6
658 180 1 2 3 4 5 6
658 6902 1 2 3 4 5 6
658 6983 6 5 4 3 2 1
658 6812 1 2 3 4 5 6
658 180 1 2 3 4 5 6
658 6902 1 2 3 4 5 6
658 6983 6 5 4 3 2 1
658 6812 1 2 3 4 5 6
658 180 1 2 3 4 5 6
658 6902 1 2 3 4 5 6
658 6983 6 5 4 3 2 1
658 6812 1 2 3 4 5 6
658 180 1 2 3 4 5 6
658 6902 1 2 3 4 5 6
658 6983 6 5 4 3 2 1
658 6812 1 2 3 4 5 6
658 180 1 2 3 4 5 6
658 6902 1 2 3 4 5 6
658 6983 6 5 4 3 2 1
658 6812 1 2 3 4 5 6
658 180 1 2 3 4 5 6
658 6902 1 2 3 4 5 6
658 6983 6 5 4 3 2 1
658 6812 1 2 3 4 5 6
658 180 1 2 3 4 5 6
658 6902 1 2 3 4 5 6
658 6983 6 5 4 3 2 1
658 6812 1 2 3 4 5 6
658 180 1 2 3 4 5 6
658 6902 1 2 3 4 5 6
658 6983 6 5 4 3 2 1
658 6812 1 2 3 4 5 6
658 180 1 2 3 4 5 6
658 6902 1 2 3 4 5 6
658 6983 6 5 4 3 2 1
658 6812 1 2 3 4 5 6
658 9180 1 2 3 4 5 6
658 6561 1 2 3 4 5 6
658 8393 1 2 3 4 5 6
658 6902 1 2 3 4 5 6
658 6983 6 5 4 3 2 1
658 6812 1 2 3 4 5 6
658 9180 1 2 3 4 5 6
658 6561 1 2 3 4 5 6
658 8393 1 2 3 4 5 6
658 6902 1 2 3 4 5 6
658 6983 6 5 4 3 2 1
658 6812 1 2 3 4 5 6
658 9180 1 2 3 4 5 6
658 6561 1 2 3 4 5 6
658 8393 1 2 3 4 5 6
658 6902 1 2 3 4 5 6
658 6983 6 5 4 3 2 1
658 6812 1 2 3 4 5 6
658 9180 1 2 3 4 5 6
658 6561 1 2 3 4 5 6
658 8393 1 2 3 4 5 6
658 6902 1 2 3 4 5 6
658 6983 6 5 4 3 2 1
658 6812 1 2 3 4 5 6
658 9180 1 2 3 4 5 6
658 6561 1 2 3 4 5 6
658 8393 1 2 3 4 5 6
658 6902 1 2 3 4 5 6
658 6983 6 5 4 3 2 1
658 6812 1 2 3 4 5 6
658 9180 1 2 3 4 5 6
658 6561 1 2 3 4 5 6
658 8393 1 2 3 4 5 6
658 6902 1 2 3 4 5 6
658 6983 6 5 4 3 2 1
658 6812 1 2 3 4 5 6
658 9180 1 2 3 4 5 6
658 6561 1 2 3 4 5 6
658 8393 1 2 3 4 5 6
658 6902 1 2 3 4 5 6
658 6983 6 5 4 3 2 1
658 6812 1 2 3 4 5 6
658 9180 1 2 3 4 5 6
658 6561 1 2 3 4 5 6
658 8393 1 2 3 4 5 6
658 6902 1 2 3 4 5 6
658 6983 6 5 4 3 2 1
658 6812 1 2 3 4 5 6
658 9180 1 2 3 4 5 6
658 6561 1 2 3 4 5 6
658 8393 1 2 3 4 5 6
658 6902 1 2 3 4 5 6
658 6983 6 5 4 3 2 1
658 6812 1 3 2 6 5 4
658 6983 6 5 4 3 2 1
658 6902 1 2 3 4 5 6
658 6812 1 3 2 6 5 4
658 6983 6 5 4 3 2 1
658 6902 1 2 3 4 5 6
658 6812 1 3 2 6 5 4
