658 4302 1 2 3 7 8 9
658 4302 1 2 3 7 8 9
658 4302 1 2 3 7 8 9
658 4302 1 2 3 7 8 9
658 4302 1 2 3 7 8 9
658 4302 1 2 3 7 8 9
658 4302 1 2 3 7 8 9
658 4302 1 2 3 7 8 9
658 4302 1 2 3 7 8 9
658 4302 1 2 3 7 8 9
658 4302 1 2 3 7 8 9
658 4302 1 2 3 7 8 9
658 4302 1 2 3 7 8 9
658 4302 1 2 3 7 8 9
658 4302 1 2 3 7 8 9
658 4302 1 2 3 7 8 9
658 4302 1 2 3 7 8 9
658 4302 1 2 3 7 8 9
658 4302 1 2 3 7 8 9
658 4302 1 2 3 7 8 9
658 4302 1 2 3 7 8 9
658 4302 1 2 3 7 8 9
658 4302 1 2 3 7 8 9
658 4302 1 2 3 7 8 9
