1 1 2023 58 58 18 31 57 19 20
100000000.00 0
120000.00 0 0.00
2000.00 0 0.00
100.00 0 0.00

1 3 2023 58 1 2 3 4 5 6
100000000.00 3
120000.00 1 120000.00
2000.00 1 2000.00
100.00 1 100.00

1 3 2023 58 1 2 3 4 5 6
100000000.00 4
120000.00 1 120000.00
2000.00 1 2000.00
100.00 1 100.00

1 3 2023 58 1 2 3 4 5 6
100000000.00 4
120000.00 1 120000.00
2000.00 1 2000.00
100.00 1 100.00

1 3 2023 58 1 2 3 4 5 6
100000000.00 4
120000.00 1 120000.00
2000.00 1 2000.00
100.00 1 100.00

1 3 2023 58 1 2 3 4 5 6
100000000.00 4
120000.00 1 120000.00
2000.00 1 2000.00
100.00 1 100.00

1 3 2023 58 1 2 3 4 5 6
100000000.00 4
120000.00 1 120000.00
2000.00 1 2000.00
100.00 1 100.00

1 3 2023 58 1 2 3 4 5 6
100000000.00 4
120000.00 1 120000.00
2000.00 1 2000.00
100.00 1 100.00

1 3 2023 58 1 2 3 4 5 6
100000000.00 4
120000.00 1 120000.00
2000.00 1 2000.00
100.00 1 100.00

1 3 2023 58 1 2 3 4 5 6
100000000.00 4
120000.00 1 120000.00
2000.00 1 2000.00
100.00 1 100.00

1 3 2023 58 1 2 3 4 5 6
100000000.00 4
120000.00 1 120000.00
2000.00 1 2000.00
100.00 1 100.00

1 3 2023 58 1 2 3 4 5 6
100000000.00 4
120000.00 1 120000.00
2000.00 1 2000.00
100.00 1 100.00

1 3 2023 58 1 2 3 4 5 6
100000000.00 4
120000.00 1 120000.00
2000.00 1 2000.00
100.00 1 100.00

1 3 2023 58 14 44 41 27 15 42
1.00 0
120000.00 0 0.00
2000.00 0 0.00
100.00 0 0.00

1 3 2023 58 14 44 41 27 15 42
100000000.00 0
120000.00 0 0.00
2000.00 0 0.00
100.00 0 0.00

1 3 2023 58 14 44 41 27 15 42
100000000.00 0
120000.00 0 0.00
2000.00 0 0.00
100.00 0 0.00

1 3 2023 58 14 44 41 27 15 42
100000000.00 0
120000.00 0 0.00
2000.00 0 0.00
100.00 0 0.00

1 3 2023 58 14 44 41 27 15 42
100000000.00 0
120000.00 0 0.00
2000.00 0 0.00
100.00 0 0.00

1 3 2023 58 1 2 3 4 5 6
100000000.00 6
120000.00 1 120000.00
2000.00 1 2000.00
100.00 1 100.00

1 3 2023 58 1 2 3 4 5 6
100000000.00 6
120000.00 1 120000.00
2000.00 1 2000.00
100.00 1 100.00

1 3 2023 58 1 2 3 4 5 6
100000000.00 6
120000.00 1 120000.00
2000.00 1 2000.00
100.00 1 100.00

1 3 2023 58 1 2 3 4 5 6
100000000.00 6
120000.00 1 120000.00
2000.00 1 2000.00
100.00 1 100.00

1 3 2023 58 1 2 3 4 5 6
100000000.00 6
120000.00 1 120000.00
2000.00 1 2000.00
100.00 1 100.00

1 3 2023 58 1 2 3 4 5 6
100000000.00 6
120000.00 1 120000.00
2000.00 1 2000.00
100.00 1 100.00

1 3 2023 58 1 2 3 4 5 6
100000000.00 6
120000.00 1 120000.00
2000.00 1 2000.00
100.00 1 100.00

1 3 2023 58 1 2 3 4 5 6
100000000.00 6
120000.00 1 120000.00
2000.00 1 2000.00
100.00 1 100.00

1 3 2023 58 1 2 3 4 5 6
100000000.00 6
120000.00 1 120000.00
2000.00 1 2000.00
100.00 1 100.00

1 3 2023 58 1 2 3 4 5 6
100000000.00 3
120000.00 4 480000.00
2000.00 1 2000.00
100.00 1 100.00

1 4 2023 58 30 32 14 46 51 22
150250100.00 0
120000.00 0 0.00
2000.00 0 0.00
100.00 0 0.00

1 4 2023 58 30 32 14 46 51 22
150250100.00 0
120000.00 0 0.00
2000.00 0 0.00
100.00 0 0.00

1 4 2023 58 30 32 14 46 51 22
150250100.00 0
120000.00 0 0.00
2000.00 0 0.00
100.00 0 0.00

1 4 2023 58 30 32 14 46 51 22
150250100.00 0
120000.00 0 0.00
2000.00 0 0.00
100.00 0 0.00

1 4 2023 58 1 2 3 4 5 6
150250100.00 1
120000.00 1 120000.00
2000.00 1 2000.00
100.00 0 0.00

1 3 2023 58 1 2 3 4 5 6
150250100.00 2
120000.00 3 360000.00
2000.00 0 0.00
100.00 1 100.00

1 4 2023 58 1 2 3 4 5 6
150250100.00 1
120000.00 1 120000.00
2000.00 1 2000.00
100.00 0 0.00

1 3 2023 58 1 2 3 4 5 6
150250100.00 2
120000.00 3 360000.00
2000.00 0 0.00
100.00 1 100.00

2 3 2023 58 1 2 3 4 5 6
150250100.00 0
120000.00 0 0.00
2000.00 0 0.00
100.00 0 0.00

3 3 2023 58 1 2 3 4 5 6
150250100.00 0
120000.00 0 0.00
2000.00 0 0.00
100.00 0 0.00

3 3 2023 58 1 2 3 4 5 6
150250100.00 0
120000.00 0 0.00
2000.00 0 0.00
100.00 0 0.00

1 8 2023 58 43 2 56 44 21 36
1000000000000.00 0
120000.00 0 0.00
2000.00 0 0.00
100.00 0 0.00

1 9 2023 58 38 15 56 55 24 27
10000000000000000.00 0
120000.00 0 0.00
2000.00 0 0.00
100.00 0 0.00

1 9 2023 58 38 15 56 55 24 27
10000000000000000.00 0
120000.00 0 0.00
2000.00 0 0.00
100.00 0 0.00

0 0 0 0 12915760 0 1 0 8 0
0.00 0
120000.00 0 0.00
2000.00 0 0.00
100.00 0 0.00

